hp-check[5205]: info: :
hp-check[5205]: info: :[01mHP Linux Imaging and Printing System (ver. 3.15.4)[0m
hp-check[5205]: info: :[01mDependency/Version Check Utility ver. 15.1[0m
hp-check[5205]: info: :
hp-check[5205]: info: :Copyright (c) 2001-15 Hewlett-Packard Development Company, LP
hp-check[5205]: info: :This software comes with ABSOLUTELY NO WARRANTY.
hp-check[5205]: info: :This is free software, and you are welcome to distribute it
hp-check[5205]: info: :under certain conditions. See COPYING file for more details.
hp-check[5205]: info: :
hp-check[5205]: info: :[01mNote: hp-check can be run in three modes:[0m
hp-check[5205]: info: :1. Compile-time check mode (-c or --compile): Use this mode before compiling the HPLIP supplied tarball (.tar.gz or .run) to determine if the proper dependencies are installed to successfully compile HPLIP.                                                
hp-check[5205]: info: :2. Run-time check mode (-r or --run): Use this mode to determine if a distro supplied package (.deb, .rpm, etc) or an already built HPLIP supplied tarball has the proper dependencies installed to successfully run.                                         
hp-check[5205]: info: :3. Both compile- and run-time check mode (-b or --both) (Default): This mode will check both of the above cases (both compile- and run-time dependencies).                                                                                                    
hp-check[5205]: info: :
hp-check[5205]: info: :Check types:                                                                                                                                                                                                                                                  
hp-check[5205]: info: :a. EXTERNALDEP - External Dependencies                                                                                                                                                                                                                        
hp-check[5205]: info: :b. GENERALDEP - General Dependencies (required both at compile and run time)                                                                                                                                                                                  
hp-check[5205]: info: :c. COMPILEDEP - Compile time Dependencies                                                                                                                                                                                                                     
hp-check[5205]: info: :d. [All are run-time checks]                                                                                                                                                                                                                                  
hp-check[5205]: info: :PYEXT SCANCONF QUEUES PERMISSION                                                                                                                                                                                                                              
hp-check[5205]: info: :
hp-check[5205]: info: :Status Types:
hp-check[5205]: info: :    OK
hp-check[5205]: info: :    MISSING       - Missing Dependency or Permission or Plug-in
hp-check[5205]: info: :    INCOMPAT      - Incompatible dependency-version or Plugin-version
hp-check[5205]: info: :
warning: arch distro is not found in AUTH_TYPES
warning: [01munknown- version is not supported. Using unknown-0 versions dependencies to verify and install...[0m
hp-check[5205]: info: :
hp-check[5205]: info: :---------------
hp-check[5205]: info: :| SYSTEM INFO |
hp-check[5205]: info: :---------------
hp-check[5205]: info: :
hp-check[5205]: info: : Kernel: 4.0.2-1-ARCH #1 SMP PREEMPT Thu May 7 06:47:54 CEST 2015 GNU/Linux
 Host: amadea
 Proc: 4.0.2-1-ARCH #1 SMP PREEMPT Thu May 7 06:47:54 CEST 2015 GNU/Linux
 Distribution: unknown 
hp-check[5205]: info: : Bitness: 64 bit

hp-check[5205]: info: :
hp-check[5205]: info: :-----------------------
hp-check[5205]: info: :| HPLIP CONFIGURATION |
hp-check[5205]: info: :-----------------------
hp-check[5205]: info: :
hp-check[5205]: info: :HPLIP-Version: HPLIP 3.15.4
hp-check[5205]: info: :HPLIP-Home: /usr/share/hplip
warning: HPLIP-Installation: Auto installation is not supported for unknown distro   version 
hp-check[5205]: info: :
hp-check[5205]: info: :[01mCurrent contents of '/etc/hp/hplip.conf' file:[0m
hp-check[5205]: info: :# hplip.conf.  Generated from hplip.conf.in by configure.

[hplip]
version=3.15.4

[dirs]
home=/usr/share/hplip
run=/var/run
ppd=/usr/share/ppd/HP
ppdbase=/usr/share/ppd
doc=/usr/share/doc/hplip-3.15.4
html=/usr/share/doc/hplip-3.15.4
icon=/usr/share/applications
cupsbackend=/usr/lib/cups/backend
cupsfilter=/usr/lib/cups/filter
drv=/usr/share/cups/drv/hp
bin=/usr/bin

# Following values are determined at configure time and cannot be changed.
[configure]
network-build=yes
libusb01-build=no
pp-build=yes
gui-build=yes
scanner-build=yes
fax-build=yes
dbus-build=yes
cups11-build=no
doc-build=yes
shadow-build=no
hpijs-install=yes
foomatic-drv-install=yes
foomatic-ppd-install=yes
foomatic-rip-hplip-install=no
hpcups-install=yes
cups-drv-install=yes
cups-ppd-install=yes
internal-tag=3.15.4
restricted-build=no
ui-toolkit=qt4
qt3=no
qt4=yes
policy-kit=no
lite-build=no
udev_sysfs_rules=no
hpcups-only-build=no
hpijs-only-build=no

hp-check[5205]: info: :
hp-check[5205]: info: :[01mCurrent contents of '/var/lib/hp/hplip.state' file:[0m
hp-check[5205]: info: :[plugin]
installed = 1
eula = 1
version = 3.14.6

hp-check[5205]: info: :
hp-check[5205]: info: :[01mCurrent contents of '~/.hplip/hplip.conf' file:[0m
hp-check[5205]: info: :[installation]
date_time = 06/01/15 23:40:58
version = 3.15.4

[last_used]
device_uri = hpaio:/usb/HP_LaserJet_M1120_MFP?serial=MF29M3J
printer_name = HP_LaserJet_M1120_MFP


hp-check[5205]: info: : <Package-name>        <Package-Desc>      <Required/Optional> <Min-Version> <Installed-Version> <Status>   <Comment>
hp-check[5205]: info: :
hp-check[5205]: info: :--------------------------
hp-check[5205]: info: :|  External Dependencies |
hp-check[5205]: info: :--------------------------
hp-check[5205]: info: :
hp-check[5205]: info: : cups                 CUPS - Common Unix Printing System                           REQUIRED        1.1             2.0.2           OK         'CUPS Scheduler is running'
hp-check[5205]: info: : network              network -wget                                                OPTIONAL        -               1.16.3          OK         -
hp-check[5205]: info: : gs                   GhostScript - PostScript and PDF language interpreter and previewer REQUIRED        7.05            9.16            OK         -
hp-check[5205]: info: : avahi-utils          avahi-utils                                                  OPTIONAL        -               0.6.31          OK         -
hp-check[5205]: info: : xsane                xsane - Graphical scanner frontend for SANE                  OPTIONAL        0.9             0.999           OK         -
hp-check[5205]: info: : scanimage            scanimage - Shell scanning program                           OPTIONAL        1.0             1.0.24          OK         -
hp-check[5205]: info: : dbus                 DBus - Message bus system                                    REQUIRED        -               1.8.16          OK         -
hp-check[5205]: info: : policykit            PolicyKit - Administrative policy framework                  OPTIONAL        -               0.112           OK         -
hp-check[5205]: info: :
hp-check[5205]: info: :-------------------------
hp-check[5205]: info: :|  General Dependencies |
hp-check[5205]: info: :-------------------------
hp-check[5205]: info: :
hp-check[5205]: info: : sane                 SANE - Scanning library                                      REQUIRED        -               1.0.24          OK         -
hp-check[5205]: info: : python3-devel        Python devel - Python development files                      REQUIRED        2.2             3.4.3           OK         -
hp-check[5205]: info: : libpthread           libpthread - POSIX threads library                           REQUIRED        -               b'2.21'         OK         -
hp-check[5205]: info: : python3-pyqt4-dbus   PyQt 4 DBus - DBus Support for PyQt4                         OPTIONAL        4.0             4.11.3          OK         -
hp-check[5205]: info: : libnetsnmp-devel     libnetsnmp-devel - SNMP networking library development files REQUIRED        5.0.9           5.7.3           OK         -
hp-check[5205]: info: : python3-pyqt4        PyQt 4- Qt interface for Python (for Qt version 4.x)         REQUIRED        4.0             4.11.3          OK         -
hp-check[5205]: info: : python3-reportlab    Reportlab - PDF library for Python                           OPTIONAL        2.0             3.1.44          OK         -
hp-check[5205]: info: : python3-notify2      Python libnotify - Python bindings for the libnotify Desktop notifications OPTIONAL        -               -               OK         -
hp-check[5205]: info: : libusb               libusb - USB library                                         REQUIRED        -               1.0             OK         -
hp-check[5205]: info: : python3-pil          PIL - Python Imaging Library (required for commandline scanning with hp-scan) OPTIONAL        -               1.1.7           OK         -
hp-check[5205]: info: : libcrypto            libcrypto - OpenSSL cryptographic library                    REQUIRED        -               1.0.2           OK         -
hp-check[5205]: info: : python3-dbus         Python DBus - Python bindings for DBus                       REQUIRED        0.80.0          1.2.0           OK         -
hp-check[5205]: info: : python3-xml          Python XML libraries                                         REQUIRED        -               2.1.0           OK         -
hp-check[5205]: info: : cups-image           CUPS image - CUPS image development files                    REQUIRED        -               2.0.2           OK         -
hp-check[5205]: info: : cups-devel           CUPS devel- Common Unix Printing System development files    REQUIRED        -               2.0.2           OK         -
hp-check[5205]: info: : sane-devel           SANE - Scanning library development files                    REQUIRED        -               1.0.24          OK         -
hp-check[5205]: info: : libjpeg              libjpeg - JPEG library                                       REQUIRED        -               -               OK         -
hp-check[5205]: info: : python3X             Python 2.2 or greater - Python programming language          REQUIRED        2.2             3.4.3           OK         -
hp-check[5205]: info: :
hp-check[5205]: info: :---------------
hp-check[5205]: info: :|  COMPILEDEP |
hp-check[5205]: info: :---------------
hp-check[5205]: info: :
hp-check[5205]: info: : libtool              libtool - Library building support services                  REQUIRED        -               2.4.6           OK         -
hp-check[5205]: info: : make                 make - GNU make utility to maintain groups of programs       REQUIRED        3.0             4.1             OK         -
hp-check[5205]: info: : gcc                  gcc - GNU Project C and C++ Compiler                         REQUIRED        -               4.9.2           OK         -
hp-check[5205]: info: :
hp-check[5205]: info: :----------------------
hp-check[5205]: info: :|  Python Extentions |
hp-check[5205]: info: :----------------------
hp-check[5205]: info: :
hp-check[5205]: info: : hpmudext             IO-Extension                                                 REQUIRED        -               3.15.4          OK         -
hp-check[5205]: info: : cupsext              CUPS-Extension                                               REQUIRED        -               3.15.4          OK         -
hp-check[5205]: info: :
hp-check[5205]: info: :-----------------------
hp-check[5205]: info: :|  Scan Configuration |
hp-check[5205]: info: :-----------------------
hp-check[5205]: info: :
hp-check[5205]: info: : hpaio                HPLIP-SANE-Backend                                           REQUIRED        -               3.15.4          OK         'hpaio found in /etc/sane.d/dll.conf'
hp-check[5205]: info: : scanext              Scan-SANE-Extension                                          REQUIRED        -               3.15.4          OK         -
hp-check[5205]: info: :
hp-check[5205]: info: :-----------------------
hp-check[5205]: info: :|  Other Dependencies |
hp-check[5205]: info: :-----------------------
hp-check[5205]: info: :
hp-check[5205]: info: :
hp-check[5205]: info: :------------------------------
hp-check[5205]: info: :| DISCOVERED SCANNER DEVICES |
hp-check[5205]: info: :------------------------------
hp-check[5205]: info: :
hp-check[5205]: info: :device `hpaio:/usb/HP_LaserJet_M1120_MFP?serial=MF29M3J' is a Hewlett-Packard HP_LaserJet_M1120_MFP all-in-one
device `v4l:/dev/video0' is a Noname Lenovo EasyCamera virtual device
device `hpljm1005:libusb:003:012' is a Hewlett-Packard LaserJet M1120 multi-function peripheral

hp-check[5205]: info: :
hp-check[5205]: info: :--------------------------
hp-check[5205]: info: :| DISCOVERED USB DEVICES |
hp-check[5205]: info: :--------------------------
hp-check[5205]: info: :
hp-check[5205]: info: :  Device URI                                          Model                                             
hp-check[5205]: info: :  --------------------------------------------------  --------------------------------------------------
hp-check[5205]: info: :  hp:/usb/HP_LaserJet_M1120_MFP?serial=MF29M3J        HP LaserJet M1120 MFP                             
hp-check[5205]: info: :
hp-check[5205]: info: :---------------------------------
hp-check[5205]: info: :| INSTALLED CUPS PRINTER QUEUES |
hp-check[5205]: info: :---------------------------------
hp-check[5205]: info: :
hp-check[5205]: info: :
hp-check[5205]: info: :[01mHP_LaserJet_M1120_MFP[0m
hp-check[5205]: info: :[01m---------------------[0m
hp-check[5205]: info: :Type: Printer
hp-check[5205]: info: :Device URI: hp:/usb/HP_LaserJet_M1120_MFP?serial=MF29M3J
hp-check[5205]: info: :PPD: /etc/cups/ppd/HP_LaserJet_M1120_MFP.ppd
hp-check[5205]: info: :PPD Description: HP LaserJet m1120 MFP, hpcups 3.14.6, requires proprietary plugin
hp-check[5205]: info: :Printer status: printer HP_LaserJet_M1120_MFP disabled since Mon 29 Dec 2014 01:17:02 AM MSK -	Rendering completed
warning: plug-in status: Version mismatch
hp-check[5205]: info: :Communication status: Good
hp-check[5205]: info: :
hp-check[5205]: info: :
hp-check[5205]: info: :--------------
hp-check[5205]: info: :| PERMISSION |
hp-check[5205]: info: :--------------
hp-check[5205]: info: :
hp-check[5205]: info: :USB             HP_LaserJet_M1120_MFP          Required        -        -        OK       Node:'/dev/bus/usb/003/012' Perm:'  root  lp rw- rw- rw- rw- r--'
hp-check[5205]: info: :
hp-check[5205]: info: :-----------
hp-check[5205]: info: :| SUMMARY |
hp-check[5205]: info: :-----------
hp-check[5205]: info: :
hp-check[5205]: info: :[01mMissing Required Dependencies[0m
hp-check[5205]: info: :[01m-----------------------------[0m
hp-check[5205]: info: :None
hp-check[5205]: info: :
hp-check[5205]: info: :[01mMissing Optional Dependencies[0m
hp-check[5205]: info: :[01m-----------------------------[0m
hp-check[5205]: info: :None

hp-check[5205]: info: :
hp-check[5205]: info: :[01mPlug-in Status[0m
hp-check[5205]: info: :[01m--------------[0m
error: Plug-ins need to be installed
hp-check[5205]: info: :
hp-check[5205]: info: :Total Errors: 0
hp-check[5205]: info: :Total Warnings: 1
hp-check[5205]: info: :
hp-check[5205]: info: :Run 'hp-doctor' command to prompt and fix the issues. 
hp-check[5205]: info: :
hp-check[5205]: info: :Done.
